<?xml version="1.0" encoding="UTF-8"?>
<testng-results ignored="0" total="1" passed="0" failed="1" skipped="0">
  <reporter-output>
  </reporter-output>
  <suite started-at="2021-11-11T20:49:43 EST" name="Default suite" finished-at="2021-11-11T20:49:50 EST" duration-ms="6337">
    <groups>
    </groups>
    <test started-at="2021-11-11T20:49:43 EST" name="Default test" finished-at="2021-11-11T20:49:50 EST" duration-ms="6337">
      <class name="com.webappsecurity.zero.Testscripts.VerifyFundTransferTest">
        <test-method is-config="true" signature="openbrowser()[pri:0, instance:com.webappsecurity.zero.Testscripts.VerifyFundTransferTest@4d5650ae]" started-at="2021-11-11T20:49:43 EST" name="openbrowser" finished-at="2021-11-11T20:49:49 EST" duration-ms="5639" status="PASS">
          <reporter-output>
          </reporter-output>
        </test-method> <!-- openbrowser -->
        <test-method signature="VerifyFundTransfer()[pri:0, instance:com.webappsecurity.zero.Testscripts.VerifyFundTransferTest@4d5650ae]" started-at="2021-11-11T20:49:49 EST" name="VerifyFundTransfer" finished-at="2021-11-11T20:49:49 EST" duration-ms="73" status="FAIL">
          <exception class="java.lang.Error">
            <message>
              <![CDATA[Unresolved compilation problems: 
Workbook cannot be resolved to a type
XSSFWorkbook cannot be resolved to a type
Sheet cannot be resolved to a type
Row cannot be resolved to a type
DataFormatter cannot be resolved to a type
]]>
            </message>
            <full-stacktrace>
              <![CDATA[java.lang.Error: Unresolved compilation problems: 
Workbook cannot be resolved to a type
XSSFWorkbook cannot be resolved to a type
Sheet cannot be resolved to a type
Row cannot be resolved to a type
DataFormatter cannot be resolved to a type

at utils.GenericMethods.getData(GenericMethods.java:14)
at com.webappsecurity.zero.Testscripts.VerifyFundTransferTest.VerifyFundTransfer(VerifyFundTransferTest.java:29)
at java.base/jdk.internal.reflect.NativeMethodAccessorImpl.invoke0(Native Method)
at java.base/jdk.internal.reflect.NativeMethodAccessorImpl.invoke(NativeMethodAccessorImpl.java:78)
at java.base/jdk.internal.reflect.DelegatingMethodAccessorImpl.invoke(DelegatingMethodAccessorImpl.java:43)
at java.base/java.lang.reflect.Method.invoke(Method.java:567)
at org.testng.internal.MethodInvocationHelper.invokeMethod(MethodInvocationHelper.java:133)
at org.testng.internal.TestInvoker.invokeMethod(TestInvoker.java:598)
at org.testng.internal.TestInvoker.invokeTestMethod(TestInvoker.java:173)
at org.testng.internal.MethodRunner.runInSequence(MethodRunner.java:46)
at org.testng.internal.TestInvoker$MethodInvocationAgent.invoke(TestInvoker.java:824)
at org.testng.internal.TestInvoker.invokeTestMethods(TestInvoker.java:146)
at org.testng.internal.TestMethodWorker.invokeTestMethods(TestMethodWorker.java:146)
at org.testng.internal.TestMethodWorker.run(TestMethodWorker.java:128)
at java.base/java.util.ArrayList.forEach(ArrayList.java:1511)
at org.testng.TestRunner.privateRun(TestRunner.java:794)
at org.testng.TestRunner.run(TestRunner.java:596)
at org.testng.SuiteRunner.runTest(SuiteRunner.java:377)
at org.testng.SuiteRunner.runSequentially(SuiteRunner.java:371)
at org.testng.SuiteRunner.privateRun(SuiteRunner.java:332)
at org.testng.SuiteRunner.run(SuiteRunner.java:276)
at org.testng.SuiteRunnerWorker.runSuite(SuiteRunnerWorker.java:53)
at org.testng.SuiteRunnerWorker.run(SuiteRunnerWorker.java:96)
at org.testng.TestNG.runSuitesSequentially(TestNG.java:1212)
at org.testng.TestNG.runSuitesLocally(TestNG.java:1134)
at org.testng.TestNG.runSuites(TestNG.java:1063)
at org.testng.TestNG.run(TestNG.java:1031)
at org.testng.remote.AbstractRemoteTestNG.run(AbstractRemoteTestNG.java:115)
at org.testng.remote.RemoteTestNG.initAndRun(RemoteTestNG.java:251)
at org.testng.remote.RemoteTestNG.main(RemoteTestNG.java:77)
]]>
            </full-stacktrace>
          </exception> <!-- java.lang.Error -->
          <reporter-output>
          </reporter-output>
        </test-method> <!-- VerifyFundTransfer -->
        <test-method is-config="true" signature="closeappl()[pri:0, instance:com.webappsecurity.zero.Testscripts.VerifyFundTransferTest@4d5650ae]" started-at="2021-11-11T20:49:49 EST" name="closeappl" finished-at="2021-11-11T20:49:50 EST" duration-ms="552" status="PASS">
          <reporter-output>
          </reporter-output>
        </test-method> <!-- closeappl -->
      </class> <!-- com.webappsecurity.zero.Testscripts.VerifyFundTransferTest -->
    </test> <!-- Default test -->
  </suite> <!-- Default suite -->
</testng-results>
